<?xml version="1.0" encoding="UTF-8"?>
<!-- Generated by org.testng.reporters.JUnitReportReporter -->
<testsuite hostname="Vishesh-Saxena" failures="0" tests="3" name="testCases.HomePageTest" time="14.249" errors="0" timestamp="2021-08-09T17:29:40 IST" skipped="0">
  <testcase classname="testCases.HomePageTest" name="homePage" time="4.495"/>
  <system-out/>
  <testcase classname="testCases.HomePageTest" name="homePage" time="4.361"/>
  <system-out/>
  <testcase classname="testCases.HomePageTest" name="homePage" time="5.393"/>
  <system-out/>
</testsuite> <!-- testCases.HomePageTest -->
