<?xml version="1.0" encoding="UTF-8"?>
<!-- Generated by org.testng.reporters.JUnitReportReporter -->
<testsuite hostname="Vishesh-Saxena" failures="0" tests="1" name="Academy.HomePageTest" time="7.964" errors="0" timestamp="2021-08-09T11:30:31 IST" skipped="0">
  <testcase classname="Academy.HomePageTest" name="homePage" time="7.964"/>
  <system-out/>
</testsuite> <!-- Academy.HomePageTest -->
