<?xml version="1.0" encoding="UTF-8"?>
<!-- Generated by org.testng.reporters.JUnitReportReporter -->
<testsuite hostname="Vishesh-Saxena" failures="0" tests="3" name="testCases.HomePageTest" time="16.667" errors="0" timestamp="2021-08-09T18:14:58 IST" skipped="0">
  <testcase classname="testCases.HomePageTest" name="homePage" time="6.094"/>
  <system-out/>
  <testcase classname="testCases.HomePageTest" name="homePage" time="4.891"/>
  <system-out/>
  <testcase classname="testCases.HomePageTest" name="homePage" time="5.682"/>
  <system-out/>
</testsuite> <!-- testCases.HomePageTest -->
